2016-10-14 11:34:50,678 - Log4JLogChute initialized using file 'velocity.log'
2016-10-14 11:34:50,678 - Initializing Velocity, Calling init()...
2016-10-14 11:34:50,678 - Starting Apache Velocity v1.7 (compiled: 2010-11-19 12:14:37)
2016-10-14 11:34:50,678 - Default Properties File: org\apache\velocity\runtime\defaults\velocity.properties
2016-10-14 11:34:50,678 - Trying to use logger class org.apache.velocity.runtime.log.AvalonLogChute
2016-10-14 11:34:50,678 - Target log system for org.apache.velocity.runtime.log.AvalonLogChute is not available (java.lang.NoClassDefFoundError: org/apache/log/format/Formatter).  Falling back to next log system...
2016-10-14 11:34:50,678 - Trying to use logger class org.apache.velocity.runtime.log.Log4JLogChute
2016-10-14 11:34:50,679 - Using logger class org.apache.velocity.runtime.log.Log4JLogChute
2016-10-14 11:34:50,681 - ResourceLoader instantiated: org.apache.velocity.runtime.resource.loader.ClasspathResourceLoader
2016-10-14 11:34:50,688 - ResourceCache: initialized (class org.apache.velocity.runtime.resource.ResourceCacheImpl) with class java.util.Collections$SynchronizedMap cache map.
2016-10-14 11:34:50,689 - Loaded System Directive: org.apache.velocity.runtime.directive.Stop
2016-10-14 11:34:50,689 - Loaded System Directive: org.apache.velocity.runtime.directive.Define
2016-10-14 11:34:50,690 - Loaded System Directive: org.apache.velocity.runtime.directive.Break
2016-10-14 11:34:50,690 - Loaded System Directive: org.apache.velocity.runtime.directive.Evaluate
2016-10-14 11:34:50,690 - Loaded System Directive: org.apache.velocity.runtime.directive.Literal
2016-10-14 11:34:50,691 - Loaded System Directive: org.apache.velocity.runtime.directive.Macro
2016-10-14 11:34:50,691 - Loaded System Directive: org.apache.velocity.runtime.directive.Parse
2016-10-14 11:34:50,692 - Loaded System Directive: org.apache.velocity.runtime.directive.Include
2016-10-14 11:34:50,693 - Loaded System Directive: org.apache.velocity.runtime.directive.Foreach
2016-10-14 11:34:50,708 - Created '20' parsers.
2016-10-14 11:34:50,711 - Velocimacro : "velocimacro.library" is not set.  Trying default library: VM_global_library.vm
2016-10-14 11:34:50,711 - Could not load resource 'VM_global_library.vm' from ResourceLoader org.apache.velocity.runtime.resource.loader.ClasspathResourceLoader: ClasspathResourceLoader Error: cannot find resource VM_global_library.vm
2016-10-14 11:34:50,712 - Velocimacro : Default library not found.
2016-10-14 11:34:50,712 - Velocimacro : allowInline = true : VMs can be defined inline in templates
2016-10-14 11:34:50,712 - Velocimacro : allowInlineToOverride = false : VMs defined inline may NOT replace previous VM definitions
2016-10-14 11:34:50,712 - Velocimacro : allowInlineLocal = false : VMs defined inline will be global in scope if allowed.
2016-10-14 11:34:50,712 - Velocimacro : autoload off : VM system will not automatically reload global library macros
2016-10-14 11:34:50,717 - ResourceManager : found /velocity/index/index.vm with loader org.apache.velocity.runtime.resource.loader.ClasspathResourceLoader
2016-10-14 11:34:52,779 - Log4JLogChute initialized using file 'velocity.log'
2016-10-14 11:34:52,779 - Log4JLogChute initialized using file 'velocity.log'
2016-10-14 11:34:52,780 - Initializing Velocity, Calling init()...
2016-10-14 11:34:52,780 - Initializing Velocity, Calling init()...
2016-10-14 11:34:52,780 - Starting Apache Velocity v1.7 (compiled: 2010-11-19 12:14:37)
2016-10-14 11:34:52,780 - Starting Apache Velocity v1.7 (compiled: 2010-11-19 12:14:37)
2016-10-14 11:34:52,780 - Default Properties File: org\apache\velocity\runtime\defaults\velocity.properties
2016-10-14 11:34:52,780 - Default Properties File: org\apache\velocity\runtime\defaults\velocity.properties
2016-10-14 11:34:52,780 - Trying to use logger class org.apache.velocity.runtime.log.AvalonLogChute
2016-10-14 11:34:52,780 - Trying to use logger class org.apache.velocity.runtime.log.AvalonLogChute
2016-10-14 11:34:52,781 - Target log system for org.apache.velocity.runtime.log.AvalonLogChute is not available (java.lang.NoClassDefFoundError: org/apache/log/format/Formatter).  Falling back to next log system...
2016-10-14 11:34:52,781 - Target log system for org.apache.velocity.runtime.log.AvalonLogChute is not available (java.lang.NoClassDefFoundError: org/apache/log/format/Formatter).  Falling back to next log system...
2016-10-14 11:34:52,781 - Trying to use logger class org.apache.velocity.runtime.log.Log4JLogChute
2016-10-14 11:34:52,781 - Trying to use logger class org.apache.velocity.runtime.log.Log4JLogChute
2016-10-14 11:34:52,781 - Using logger class org.apache.velocity.runtime.log.Log4JLogChute
2016-10-14 11:34:52,781 - Using logger class org.apache.velocity.runtime.log.Log4JLogChute
2016-10-14 11:34:52,782 - ResourceLoader instantiated: org.apache.velocity.runtime.resource.loader.ClasspathResourceLoader
2016-10-14 11:34:52,782 - ResourceLoader instantiated: org.apache.velocity.runtime.resource.loader.ClasspathResourceLoader
2016-10-14 11:34:52,782 - ResourceCache: initialized (class org.apache.velocity.runtime.resource.ResourceCacheImpl) with class java.util.Collections$SynchronizedMap cache map.
2016-10-14 11:34:52,782 - ResourceCache: initialized (class org.apache.velocity.runtime.resource.ResourceCacheImpl) with class java.util.Collections$SynchronizedMap cache map.
2016-10-14 11:34:52,783 - Loaded System Directive: org.apache.velocity.runtime.directive.Stop
2016-10-14 11:34:52,783 - Loaded System Directive: org.apache.velocity.runtime.directive.Stop
2016-10-14 11:34:52,783 - Loaded System Directive: org.apache.velocity.runtime.directive.Define
2016-10-14 11:34:52,783 - Loaded System Directive: org.apache.velocity.runtime.directive.Define
2016-10-14 11:34:52,784 - Loaded System Directive: org.apache.velocity.runtime.directive.Break
2016-10-14 11:34:52,784 - Loaded System Directive: org.apache.velocity.runtime.directive.Break
2016-10-14 11:34:52,784 - Loaded System Directive: org.apache.velocity.runtime.directive.Evaluate
2016-10-14 11:34:52,784 - Loaded System Directive: org.apache.velocity.runtime.directive.Evaluate
2016-10-14 11:34:52,784 - Loaded System Directive: org.apache.velocity.runtime.directive.Literal
2016-10-14 11:34:52,784 - Loaded System Directive: org.apache.velocity.runtime.directive.Literal
2016-10-14 11:34:52,784 - Loaded System Directive: org.apache.velocity.runtime.directive.Macro
2016-10-14 11:34:52,784 - Loaded System Directive: org.apache.velocity.runtime.directive.Macro
2016-10-14 11:34:52,785 - Loaded System Directive: org.apache.velocity.runtime.directive.Parse
2016-10-14 11:34:52,785 - Loaded System Directive: org.apache.velocity.runtime.directive.Parse
2016-10-14 11:34:52,785 - Loaded System Directive: org.apache.velocity.runtime.directive.Include
2016-10-14 11:34:52,785 - Loaded System Directive: org.apache.velocity.runtime.directive.Include
2016-10-14 11:34:52,785 - Loaded System Directive: org.apache.velocity.runtime.directive.Foreach
2016-10-14 11:34:52,785 - Loaded System Directive: org.apache.velocity.runtime.directive.Foreach
2016-10-14 11:34:52,789 - Created '20' parsers.
2016-10-14 11:34:52,789 - Created '20' parsers.
2016-10-14 11:34:52,789 - Velocimacro : "velocimacro.library" is not set.  Trying default library: VM_global_library.vm
2016-10-14 11:34:52,789 - Velocimacro : "velocimacro.library" is not set.  Trying default library: VM_global_library.vm
2016-10-14 11:34:52,789 - Could not load resource 'VM_global_library.vm' from ResourceLoader org.apache.velocity.runtime.resource.loader.ClasspathResourceLoader: ClasspathResourceLoader Error: cannot find resource VM_global_library.vm
2016-10-14 11:34:52,789 - Could not load resource 'VM_global_library.vm' from ResourceLoader org.apache.velocity.runtime.resource.loader.ClasspathResourceLoader: ClasspathResourceLoader Error: cannot find resource VM_global_library.vm
2016-10-14 11:34:52,789 - Velocimacro : Default library not found.
2016-10-14 11:34:52,789 - Velocimacro : Default library not found.
2016-10-14 11:34:52,789 - Velocimacro : allowInline = true : VMs can be defined inline in templates
2016-10-14 11:34:52,789 - Velocimacro : allowInline = true : VMs can be defined inline in templates
2016-10-14 11:34:52,789 - Velocimacro : allowInlineToOverride = false : VMs defined inline may NOT replace previous VM definitions
2016-10-14 11:34:52,789 - Velocimacro : allowInlineToOverride = false : VMs defined inline may NOT replace previous VM definitions
2016-10-14 11:34:52,789 - Velocimacro : allowInlineLocal = false : VMs defined inline will be global in scope if allowed.
2016-10-14 11:34:52,789 - Velocimacro : allowInlineLocal = false : VMs defined inline will be global in scope if allowed.
2016-10-14 11:34:52,789 - Velocimacro : autoload off : VM system will not automatically reload global library macros
2016-10-14 11:34:52,789 - Velocimacro : autoload off : VM system will not automatically reload global library macros
2016-10-14 11:34:52,792 - ResourceManager : found /velocity/index/index.vm with loader org.apache.velocity.runtime.resource.loader.ClasspathResourceLoader
2016-10-14 11:34:52,792 - ResourceManager : found /velocity/index/index.vm with loader org.apache.velocity.runtime.resource.loader.ClasspathResourceLoader
2016-10-14 11:36:26,201 - Log4JLogChute initialized using file 'velocity.log'
2016-10-14 11:36:26,201 - Log4JLogChute initialized using file 'velocity.log'
2016-10-14 11:36:26,201 - Log4JLogChute initialized using file 'velocity.log'
2016-10-14 11:36:26,202 - Initializing Velocity, Calling init()...
2016-10-14 11:36:26,202 - Initializing Velocity, Calling init()...
2016-10-14 11:36:26,202 - Initializing Velocity, Calling init()...
2016-10-14 11:36:26,202 - Starting Apache Velocity v1.7 (compiled: 2010-11-19 12:14:37)
2016-10-14 11:36:26,202 - Starting Apache Velocity v1.7 (compiled: 2010-11-19 12:14:37)
2016-10-14 11:36:26,202 - Starting Apache Velocity v1.7 (compiled: 2010-11-19 12:14:37)
2016-10-14 11:36:26,202 - Default Properties File: org\apache\velocity\runtime\defaults\velocity.properties
2016-10-14 11:36:26,202 - Default Properties File: org\apache\velocity\runtime\defaults\velocity.properties
2016-10-14 11:36:26,202 - Default Properties File: org\apache\velocity\runtime\defaults\velocity.properties
2016-10-14 11:36:26,202 - Trying to use logger class org.apache.velocity.runtime.log.AvalonLogChute
2016-10-14 11:36:26,202 - Trying to use logger class org.apache.velocity.runtime.log.AvalonLogChute
2016-10-14 11:36:26,202 - Trying to use logger class org.apache.velocity.runtime.log.AvalonLogChute
2016-10-14 11:36:26,202 - Target log system for org.apache.velocity.runtime.log.AvalonLogChute is not available (java.lang.NoClassDefFoundError: org/apache/log/format/Formatter).  Falling back to next log system...
2016-10-14 11:36:26,202 - Target log system for org.apache.velocity.runtime.log.AvalonLogChute is not available (java.lang.NoClassDefFoundError: org/apache/log/format/Formatter).  Falling back to next log system...
2016-10-14 11:36:26,202 - Target log system for org.apache.velocity.runtime.log.AvalonLogChute is not available (java.lang.NoClassDefFoundError: org/apache/log/format/Formatter).  Falling back to next log system...
2016-10-14 11:36:26,202 - Trying to use logger class org.apache.velocity.runtime.log.Log4JLogChute
2016-10-14 11:36:26,202 - Trying to use logger class org.apache.velocity.runtime.log.Log4JLogChute
2016-10-14 11:36:26,202 - Trying to use logger class org.apache.velocity.runtime.log.Log4JLogChute
2016-10-14 11:36:26,202 - Using logger class org.apache.velocity.runtime.log.Log4JLogChute
2016-10-14 11:36:26,202 - Using logger class org.apache.velocity.runtime.log.Log4JLogChute
2016-10-14 11:36:26,202 - Using logger class org.apache.velocity.runtime.log.Log4JLogChute
2016-10-14 11:36:26,202 - ResourceLoader instantiated: org.apache.velocity.runtime.resource.loader.ClasspathResourceLoader
2016-10-14 11:36:26,202 - ResourceLoader instantiated: org.apache.velocity.runtime.resource.loader.ClasspathResourceLoader
2016-10-14 11:36:26,202 - ResourceLoader instantiated: org.apache.velocity.runtime.resource.loader.ClasspathResourceLoader
2016-10-14 11:36:26,202 - ResourceCache: initialized (class org.apache.velocity.runtime.resource.ResourceCacheImpl) with class java.util.Collections$SynchronizedMap cache map.
2016-10-14 11:36:26,202 - ResourceCache: initialized (class org.apache.velocity.runtime.resource.ResourceCacheImpl) with class java.util.Collections$SynchronizedMap cache map.
2016-10-14 11:36:26,202 - ResourceCache: initialized (class org.apache.velocity.runtime.resource.ResourceCacheImpl) with class java.util.Collections$SynchronizedMap cache map.
2016-10-14 11:36:26,202 - Loaded System Directive: org.apache.velocity.runtime.directive.Stop
2016-10-14 11:36:26,202 - Loaded System Directive: org.apache.velocity.runtime.directive.Stop
2016-10-14 11:36:26,202 - Loaded System Directive: org.apache.velocity.runtime.directive.Stop
2016-10-14 11:36:26,202 - Loaded System Directive: org.apache.velocity.runtime.directive.Define
2016-10-14 11:36:26,202 - Loaded System Directive: org.apache.velocity.runtime.directive.Define
2016-10-14 11:36:26,202 - Loaded System Directive: org.apache.velocity.runtime.directive.Define
2016-10-14 11:36:26,202 - Loaded System Directive: org.apache.velocity.runtime.directive.Break
2016-10-14 11:36:26,202 - Loaded System Directive: org.apache.velocity.runtime.directive.Break
2016-10-14 11:36:26,202 - Loaded System Directive: org.apache.velocity.runtime.directive.Break
2016-10-14 11:36:26,203 - Loaded System Directive: org.apache.velocity.runtime.directive.Evaluate
2016-10-14 11:36:26,203 - Loaded System Directive: org.apache.velocity.runtime.directive.Evaluate
2016-10-14 11:36:26,203 - Loaded System Directive: org.apache.velocity.runtime.directive.Evaluate
2016-10-14 11:36:26,203 - Loaded System Directive: org.apache.velocity.runtime.directive.Literal
2016-10-14 11:36:26,203 - Loaded System Directive: org.apache.velocity.runtime.directive.Literal
2016-10-14 11:36:26,203 - Loaded System Directive: org.apache.velocity.runtime.directive.Literal
2016-10-14 11:36:26,203 - Loaded System Directive: org.apache.velocity.runtime.directive.Macro
2016-10-14 11:36:26,203 - Loaded System Directive: org.apache.velocity.runtime.directive.Macro
2016-10-14 11:36:26,203 - Loaded System Directive: org.apache.velocity.runtime.directive.Macro
2016-10-14 11:36:26,203 - Loaded System Directive: org.apache.velocity.runtime.directive.Parse
2016-10-14 11:36:26,203 - Loaded System Directive: org.apache.velocity.runtime.directive.Parse
2016-10-14 11:36:26,203 - Loaded System Directive: org.apache.velocity.runtime.directive.Parse
2016-10-14 11:36:26,203 - Loaded System Directive: org.apache.velocity.runtime.directive.Include
2016-10-14 11:36:26,203 - Loaded System Directive: org.apache.velocity.runtime.directive.Include
2016-10-14 11:36:26,203 - Loaded System Directive: org.apache.velocity.runtime.directive.Include
2016-10-14 11:36:26,203 - Loaded System Directive: org.apache.velocity.runtime.directive.Foreach
2016-10-14 11:36:26,203 - Loaded System Directive: org.apache.velocity.runtime.directive.Foreach
2016-10-14 11:36:26,203 - Loaded System Directive: org.apache.velocity.runtime.directive.Foreach
2016-10-14 11:36:26,204 - Created '20' parsers.
2016-10-14 11:36:26,204 - Created '20' parsers.
2016-10-14 11:36:26,204 - Created '20' parsers.
2016-10-14 11:36:26,204 - Velocimacro : "velocimacro.library" is not set.  Trying default library: VM_global_library.vm
2016-10-14 11:36:26,204 - Velocimacro : "velocimacro.library" is not set.  Trying default library: VM_global_library.vm
2016-10-14 11:36:26,204 - Velocimacro : "velocimacro.library" is not set.  Trying default library: VM_global_library.vm
2016-10-14 11:36:26,205 - Could not load resource 'VM_global_library.vm' from ResourceLoader org.apache.velocity.runtime.resource.loader.ClasspathResourceLoader: ClasspathResourceLoader Error: cannot find resource VM_global_library.vm
2016-10-14 11:36:26,205 - Could not load resource 'VM_global_library.vm' from ResourceLoader org.apache.velocity.runtime.resource.loader.ClasspathResourceLoader: ClasspathResourceLoader Error: cannot find resource VM_global_library.vm
2016-10-14 11:36:26,205 - Could not load resource 'VM_global_library.vm' from ResourceLoader org.apache.velocity.runtime.resource.loader.ClasspathResourceLoader: ClasspathResourceLoader Error: cannot find resource VM_global_library.vm
2016-10-14 11:36:26,205 - Velocimacro : Default library not found.
2016-10-14 11:36:26,205 - Velocimacro : Default library not found.
2016-10-14 11:36:26,205 - Velocimacro : Default library not found.
2016-10-14 11:36:26,205 - Velocimacro : allowInline = true : VMs can be defined inline in templates
2016-10-14 11:36:26,205 - Velocimacro : allowInline = true : VMs can be defined inline in templates
2016-10-14 11:36:26,205 - Velocimacro : allowInline = true : VMs can be defined inline in templates
2016-10-14 11:36:26,205 - Velocimacro : allowInlineToOverride = false : VMs defined inline may NOT replace previous VM definitions
2016-10-14 11:36:26,205 - Velocimacro : allowInlineToOverride = false : VMs defined inline may NOT replace previous VM definitions
2016-10-14 11:36:26,205 - Velocimacro : allowInlineToOverride = false : VMs defined inline may NOT replace previous VM definitions
2016-10-14 11:36:26,205 - Velocimacro : allowInlineLocal = false : VMs defined inline will be global in scope if allowed.
2016-10-14 11:36:26,205 - Velocimacro : allowInlineLocal = false : VMs defined inline will be global in scope if allowed.
2016-10-14 11:36:26,205 - Velocimacro : allowInlineLocal = false : VMs defined inline will be global in scope if allowed.
2016-10-14 11:36:26,205 - Velocimacro : autoload off : VM system will not automatically reload global library macros
2016-10-14 11:36:26,205 - Velocimacro : autoload off : VM system will not automatically reload global library macros
2016-10-14 11:36:26,205 - Velocimacro : autoload off : VM system will not automatically reload global library macros
2016-10-14 11:36:26,207 - ResourceManager : found /velocity/index/index.vm with loader org.apache.velocity.runtime.resource.loader.ClasspathResourceLoader
2016-10-14 11:36:26,207 - ResourceManager : found /velocity/index/index.vm with loader org.apache.velocity.runtime.resource.loader.ClasspathResourceLoader
2016-10-14 11:36:26,207 - ResourceManager : found /velocity/index/index.vm with loader org.apache.velocity.runtime.resource.loader.ClasspathResourceLoader
2016-10-14 11:36:30,325 - Log4JLogChute initialized using file 'velocity.log'
2016-10-14 11:36:30,325 - Log4JLogChute initialized using file 'velocity.log'
2016-10-14 11:36:30,325 - Log4JLogChute initialized using file 'velocity.log'
2016-10-14 11:36:30,325 - Log4JLogChute initialized using file 'velocity.log'
2016-10-14 11:36:30,326 - Initializing Velocity, Calling init()...
2016-10-14 11:36:30,326 - Initializing Velocity, Calling init()...
2016-10-14 11:36:30,326 - Initializing Velocity, Calling init()...
2016-10-14 11:36:30,326 - Initializing Velocity, Calling init()...
2016-10-14 11:36:30,326 - Starting Apache Velocity v1.7 (compiled: 2010-11-19 12:14:37)
2016-10-14 11:36:30,326 - Starting Apache Velocity v1.7 (compiled: 2010-11-19 12:14:37)
2016-10-14 11:36:30,326 - Starting Apache Velocity v1.7 (compiled: 2010-11-19 12:14:37)
2016-10-14 11:36:30,326 - Starting Apache Velocity v1.7 (compiled: 2010-11-19 12:14:37)
2016-10-14 11:36:30,326 - Default Properties File: org\apache\velocity\runtime\defaults\velocity.properties
2016-10-14 11:36:30,326 - Default Properties File: org\apache\velocity\runtime\defaults\velocity.properties
2016-10-14 11:36:30,326 - Default Properties File: org\apache\velocity\runtime\defaults\velocity.properties
2016-10-14 11:36:30,326 - Default Properties File: org\apache\velocity\runtime\defaults\velocity.properties
2016-10-14 11:36:30,327 - Trying to use logger class org.apache.velocity.runtime.log.AvalonLogChute
2016-10-14 11:36:30,327 - Trying to use logger class org.apache.velocity.runtime.log.AvalonLogChute
2016-10-14 11:36:30,327 - Trying to use logger class org.apache.velocity.runtime.log.AvalonLogChute
2016-10-14 11:36:30,327 - Trying to use logger class org.apache.velocity.runtime.log.AvalonLogChute
2016-10-14 11:36:30,327 - Target log system for org.apache.velocity.runtime.log.AvalonLogChute is not available (java.lang.NoClassDefFoundError: org/apache/log/format/Formatter).  Falling back to next log system...
2016-10-14 11:36:30,327 - Target log system for org.apache.velocity.runtime.log.AvalonLogChute is not available (java.lang.NoClassDefFoundError: org/apache/log/format/Formatter).  Falling back to next log system...
2016-10-14 11:36:30,327 - Target log system for org.apache.velocity.runtime.log.AvalonLogChute is not available (java.lang.NoClassDefFoundError: org/apache/log/format/Formatter).  Falling back to next log system...
2016-10-14 11:36:30,327 - Target log system for org.apache.velocity.runtime.log.AvalonLogChute is not available (java.lang.NoClassDefFoundError: org/apache/log/format/Formatter).  Falling back to next log system...
2016-10-14 11:36:30,327 - Trying to use logger class org.apache.velocity.runtime.log.Log4JLogChute
2016-10-14 11:36:30,327 - Trying to use logger class org.apache.velocity.runtime.log.Log4JLogChute
2016-10-14 11:36:30,327 - Trying to use logger class org.apache.velocity.runtime.log.Log4JLogChute
2016-10-14 11:36:30,327 - Trying to use logger class org.apache.velocity.runtime.log.Log4JLogChute
2016-10-14 11:36:30,327 - Using logger class org.apache.velocity.runtime.log.Log4JLogChute
2016-10-14 11:36:30,327 - Using logger class org.apache.velocity.runtime.log.Log4JLogChute
2016-10-14 11:36:30,327 - Using logger class org.apache.velocity.runtime.log.Log4JLogChute
2016-10-14 11:36:30,327 - Using logger class org.apache.velocity.runtime.log.Log4JLogChute
2016-10-14 11:36:30,328 - ResourceLoader instantiated: org.apache.velocity.runtime.resource.loader.ClasspathResourceLoader
2016-10-14 11:36:30,328 - ResourceLoader instantiated: org.apache.velocity.runtime.resource.loader.ClasspathResourceLoader
2016-10-14 11:36:30,328 - ResourceLoader instantiated: org.apache.velocity.runtime.resource.loader.ClasspathResourceLoader
2016-10-14 11:36:30,328 - ResourceLoader instantiated: org.apache.velocity.runtime.resource.loader.ClasspathResourceLoader
2016-10-14 11:36:30,328 - ResourceCache: initialized (class org.apache.velocity.runtime.resource.ResourceCacheImpl) with class java.util.Collections$SynchronizedMap cache map.
2016-10-14 11:36:30,328 - ResourceCache: initialized (class org.apache.velocity.runtime.resource.ResourceCacheImpl) with class java.util.Collections$SynchronizedMap cache map.
2016-10-14 11:36:30,328 - ResourceCache: initialized (class org.apache.velocity.runtime.resource.ResourceCacheImpl) with class java.util.Collections$SynchronizedMap cache map.
2016-10-14 11:36:30,328 - ResourceCache: initialized (class org.apache.velocity.runtime.resource.ResourceCacheImpl) with class java.util.Collections$SynchronizedMap cache map.
2016-10-14 11:36:30,329 - Loaded System Directive: org.apache.velocity.runtime.directive.Stop
2016-10-14 11:36:30,329 - Loaded System Directive: org.apache.velocity.runtime.directive.Stop
2016-10-14 11:36:30,329 - Loaded System Directive: org.apache.velocity.runtime.directive.Stop
2016-10-14 11:36:30,329 - Loaded System Directive: org.apache.velocity.runtime.directive.Stop
2016-10-14 11:36:30,329 - Loaded System Directive: org.apache.velocity.runtime.directive.Define
2016-10-14 11:36:30,329 - Loaded System Directive: org.apache.velocity.runtime.directive.Define
2016-10-14 11:36:30,329 - Loaded System Directive: org.apache.velocity.runtime.directive.Define
2016-10-14 11:36:30,329 - Loaded System Directive: org.apache.velocity.runtime.directive.Define
2016-10-14 11:36:30,329 - Loaded System Directive: org.apache.velocity.runtime.directive.Break
2016-10-14 11:36:30,329 - Loaded System Directive: org.apache.velocity.runtime.directive.Break
2016-10-14 11:36:30,329 - Loaded System Directive: org.apache.velocity.runtime.directive.Break
2016-10-14 11:36:30,329 - Loaded System Directive: org.apache.velocity.runtime.directive.Break
2016-10-14 11:36:30,330 - Loaded System Directive: org.apache.velocity.runtime.directive.Evaluate
2016-10-14 11:36:30,330 - Loaded System Directive: org.apache.velocity.runtime.directive.Evaluate
2016-10-14 11:36:30,330 - Loaded System Directive: org.apache.velocity.runtime.directive.Evaluate
2016-10-14 11:36:30,330 - Loaded System Directive: org.apache.velocity.runtime.directive.Evaluate
2016-10-14 11:36:30,330 - Loaded System Directive: org.apache.velocity.runtime.directive.Literal
2016-10-14 11:36:30,330 - Loaded System Directive: org.apache.velocity.runtime.directive.Literal
2016-10-14 11:36:30,330 - Loaded System Directive: org.apache.velocity.runtime.directive.Literal
2016-10-14 11:36:30,330 - Loaded System Directive: org.apache.velocity.runtime.directive.Literal
2016-10-14 11:36:30,330 - Loaded System Directive: org.apache.velocity.runtime.directive.Macro
2016-10-14 11:36:30,330 - Loaded System Directive: org.apache.velocity.runtime.directive.Macro
2016-10-14 11:36:30,330 - Loaded System Directive: org.apache.velocity.runtime.directive.Macro
2016-10-14 11:36:30,330 - Loaded System Directive: org.apache.velocity.runtime.directive.Macro
2016-10-14 11:36:30,330 - Loaded System Directive: org.apache.velocity.runtime.directive.Parse
2016-10-14 11:36:30,330 - Loaded System Directive: org.apache.velocity.runtime.directive.Parse
2016-10-14 11:36:30,330 - Loaded System Directive: org.apache.velocity.runtime.directive.Parse
2016-10-14 11:36:30,330 - Loaded System Directive: org.apache.velocity.runtime.directive.Parse
2016-10-14 11:36:30,331 - Loaded System Directive: org.apache.velocity.runtime.directive.Include
2016-10-14 11:36:30,331 - Loaded System Directive: org.apache.velocity.runtime.directive.Include
2016-10-14 11:36:30,331 - Loaded System Directive: org.apache.velocity.runtime.directive.Include
2016-10-14 11:36:30,331 - Loaded System Directive: org.apache.velocity.runtime.directive.Include
2016-10-14 11:36:30,331 - Loaded System Directive: org.apache.velocity.runtime.directive.Foreach
2016-10-14 11:36:30,331 - Loaded System Directive: org.apache.velocity.runtime.directive.Foreach
2016-10-14 11:36:30,331 - Loaded System Directive: org.apache.velocity.runtime.directive.Foreach
2016-10-14 11:36:30,331 - Loaded System Directive: org.apache.velocity.runtime.directive.Foreach
2016-10-14 11:36:30,334 - Created '20' parsers.
2016-10-14 11:36:30,334 - Created '20' parsers.
2016-10-14 11:36:30,334 - Created '20' parsers.
2016-10-14 11:36:30,334 - Created '20' parsers.
2016-10-14 11:36:30,334 - Velocimacro : "velocimacro.library" is not set.  Trying default library: VM_global_library.vm
2016-10-14 11:36:30,334 - Velocimacro : "velocimacro.library" is not set.  Trying default library: VM_global_library.vm
2016-10-14 11:36:30,334 - Velocimacro : "velocimacro.library" is not set.  Trying default library: VM_global_library.vm
2016-10-14 11:36:30,334 - Velocimacro : "velocimacro.library" is not set.  Trying default library: VM_global_library.vm
2016-10-14 11:36:30,335 - Could not load resource 'VM_global_library.vm' from ResourceLoader org.apache.velocity.runtime.resource.loader.ClasspathResourceLoader: ClasspathResourceLoader Error: cannot find resource VM_global_library.vm
2016-10-14 11:36:30,335 - Could not load resource 'VM_global_library.vm' from ResourceLoader org.apache.velocity.runtime.resource.loader.ClasspathResourceLoader: ClasspathResourceLoader Error: cannot find resource VM_global_library.vm
2016-10-14 11:36:30,335 - Could not load resource 'VM_global_library.vm' from ResourceLoader org.apache.velocity.runtime.resource.loader.ClasspathResourceLoader: ClasspathResourceLoader Error: cannot find resource VM_global_library.vm
2016-10-14 11:36:30,335 - Could not load resource 'VM_global_library.vm' from ResourceLoader org.apache.velocity.runtime.resource.loader.ClasspathResourceLoader: ClasspathResourceLoader Error: cannot find resource VM_global_library.vm
2016-10-14 11:36:30,335 - Velocimacro : Default library not found.
2016-10-14 11:36:30,335 - Velocimacro : Default library not found.
2016-10-14 11:36:30,335 - Velocimacro : Default library not found.
2016-10-14 11:36:30,335 - Velocimacro : Default library not found.
2016-10-14 11:36:30,335 - Velocimacro : allowInline = true : VMs can be defined inline in templates
2016-10-14 11:36:30,335 - Velocimacro : allowInline = true : VMs can be defined inline in templates
2016-10-14 11:36:30,335 - Velocimacro : allowInline = true : VMs can be defined inline in templates
2016-10-14 11:36:30,335 - Velocimacro : allowInline = true : VMs can be defined inline in templates
2016-10-14 11:36:30,335 - Velocimacro : allowInlineToOverride = false : VMs defined inline may NOT replace previous VM definitions
2016-10-14 11:36:30,335 - Velocimacro : allowInlineToOverride = false : VMs defined inline may NOT replace previous VM definitions
2016-10-14 11:36:30,335 - Velocimacro : allowInlineToOverride = false : VMs defined inline may NOT replace previous VM definitions
2016-10-14 11:36:30,335 - Velocimacro : allowInlineToOverride = false : VMs defined inline may NOT replace previous VM definitions
2016-10-14 11:36:30,335 - Velocimacro : allowInlineLocal = false : VMs defined inline will be global in scope if allowed.
2016-10-14 11:36:30,335 - Velocimacro : allowInlineLocal = false : VMs defined inline will be global in scope if allowed.
2016-10-14 11:36:30,335 - Velocimacro : allowInlineLocal = false : VMs defined inline will be global in scope if allowed.
2016-10-14 11:36:30,335 - Velocimacro : allowInlineLocal = false : VMs defined inline will be global in scope if allowed.
2016-10-14 11:36:30,335 - Velocimacro : autoload off : VM system will not automatically reload global library macros
2016-10-14 11:36:30,335 - Velocimacro : autoload off : VM system will not automatically reload global library macros
2016-10-14 11:36:30,335 - Velocimacro : autoload off : VM system will not automatically reload global library macros
2016-10-14 11:36:30,335 - Velocimacro : autoload off : VM system will not automatically reload global library macros
2016-10-14 11:36:30,342 - ResourceManager : found /velocity/index/index.vm with loader org.apache.velocity.runtime.resource.loader.ClasspathResourceLoader
2016-10-14 11:36:30,342 - ResourceManager : found /velocity/index/index.vm with loader org.apache.velocity.runtime.resource.loader.ClasspathResourceLoader
2016-10-14 11:36:30,342 - ResourceManager : found /velocity/index/index.vm with loader org.apache.velocity.runtime.resource.loader.ClasspathResourceLoader
2016-10-14 11:36:30,342 - ResourceManager : found /velocity/index/index.vm with loader org.apache.velocity.runtime.resource.loader.ClasspathResourceLoader
2016-10-14 11:36:44,584 - Log4JLogChute initialized using file 'velocity.log'
2016-10-14 11:36:44,584 - Log4JLogChute initialized using file 'velocity.log'
2016-10-14 11:36:44,584 - Log4JLogChute initialized using file 'velocity.log'
2016-10-14 11:36:44,584 - Log4JLogChute initialized using file 'velocity.log'
2016-10-14 11:36:44,585 - Initializing Velocity, Calling init()...
2016-10-14 11:36:44,585 - Initializing Velocity, Calling init()...
2016-10-14 11:36:44,585 - Initializing Velocity, Calling init()...
2016-10-14 11:36:44,585 - Initializing Velocity, Calling init()...
2016-10-14 11:36:44,586 - Starting Apache Velocity v1.7 (compiled: 2010-11-19 12:14:37)
2016-10-14 11:36:44,586 - Starting Apache Velocity v1.7 (compiled: 2010-11-19 12:14:37)
2016-10-14 11:36:44,586 - Starting Apache Velocity v1.7 (compiled: 2010-11-19 12:14:37)
2016-10-14 11:36:44,586 - Starting Apache Velocity v1.7 (compiled: 2010-11-19 12:14:37)
2016-10-14 11:36:44,586 - Default Properties File: org\apache\velocity\runtime\defaults\velocity.properties
2016-10-14 11:36:44,586 - Default Properties File: org\apache\velocity\runtime\defaults\velocity.properties
2016-10-14 11:36:44,586 - Default Properties File: org\apache\velocity\runtime\defaults\velocity.properties
2016-10-14 11:36:44,586 - Default Properties File: org\apache\velocity\runtime\defaults\velocity.properties
2016-10-14 11:36:44,586 - Trying to use logger class org.apache.velocity.runtime.log.AvalonLogChute
2016-10-14 11:36:44,586 - Trying to use logger class org.apache.velocity.runtime.log.AvalonLogChute
2016-10-14 11:36:44,586 - Trying to use logger class org.apache.velocity.runtime.log.AvalonLogChute
2016-10-14 11:36:44,586 - Trying to use logger class org.apache.velocity.runtime.log.AvalonLogChute
2016-10-14 11:36:44,586 - Target log system for org.apache.velocity.runtime.log.AvalonLogChute is not available (java.lang.NoClassDefFoundError: org/apache/log/format/Formatter).  Falling back to next log system...
2016-10-14 11:36:44,586 - Target log system for org.apache.velocity.runtime.log.AvalonLogChute is not available (java.lang.NoClassDefFoundError: org/apache/log/format/Formatter).  Falling back to next log system...
2016-10-14 11:36:44,586 - Target log system for org.apache.velocity.runtime.log.AvalonLogChute is not available (java.lang.NoClassDefFoundError: org/apache/log/format/Formatter).  Falling back to next log system...
2016-10-14 11:36:44,586 - Target log system for org.apache.velocity.runtime.log.AvalonLogChute is not available (java.lang.NoClassDefFoundError: org/apache/log/format/Formatter).  Falling back to next log system...
2016-10-14 11:36:44,586 - Trying to use logger class org.apache.velocity.runtime.log.Log4JLogChute
2016-10-14 11:36:44,586 - Trying to use logger class org.apache.velocity.runtime.log.Log4JLogChute
2016-10-14 11:36:44,586 - Trying to use logger class org.apache.velocity.runtime.log.Log4JLogChute
2016-10-14 11:36:44,586 - Trying to use logger class org.apache.velocity.runtime.log.Log4JLogChute
2016-10-14 11:36:44,586 - Using logger class org.apache.velocity.runtime.log.Log4JLogChute
2016-10-14 11:36:44,586 - Using logger class org.apache.velocity.runtime.log.Log4JLogChute
2016-10-14 11:36:44,586 - Using logger class org.apache.velocity.runtime.log.Log4JLogChute
2016-10-14 11:36:44,586 - Using logger class org.apache.velocity.runtime.log.Log4JLogChute
2016-10-14 11:36:44,586 - ResourceLoader instantiated: org.apache.velocity.runtime.resource.loader.ClasspathResourceLoader
2016-10-14 11:36:44,586 - ResourceLoader instantiated: org.apache.velocity.runtime.resource.loader.ClasspathResourceLoader
2016-10-14 11:36:44,586 - ResourceLoader instantiated: org.apache.velocity.runtime.resource.loader.ClasspathResourceLoader
2016-10-14 11:36:44,586 - ResourceLoader instantiated: org.apache.velocity.runtime.resource.loader.ClasspathResourceLoader
2016-10-14 11:36:44,586 - ResourceCache: initialized (class org.apache.velocity.runtime.resource.ResourceCacheImpl) with class java.util.Collections$SynchronizedMap cache map.
2016-10-14 11:36:44,586 - ResourceCache: initialized (class org.apache.velocity.runtime.resource.ResourceCacheImpl) with class java.util.Collections$SynchronizedMap cache map.
2016-10-14 11:36:44,586 - ResourceCache: initialized (class org.apache.velocity.runtime.resource.ResourceCacheImpl) with class java.util.Collections$SynchronizedMap cache map.
2016-10-14 11:36:44,586 - ResourceCache: initialized (class org.apache.velocity.runtime.resource.ResourceCacheImpl) with class java.util.Collections$SynchronizedMap cache map.
2016-10-14 11:36:44,587 - Loaded System Directive: org.apache.velocity.runtime.directive.Stop
2016-10-14 11:36:44,587 - Loaded System Directive: org.apache.velocity.runtime.directive.Stop
2016-10-14 11:36:44,587 - Loaded System Directive: org.apache.velocity.runtime.directive.Stop
2016-10-14 11:36:44,587 - Loaded System Directive: org.apache.velocity.runtime.directive.Stop
2016-10-14 11:36:44,587 - Loaded System Directive: org.apache.velocity.runtime.directive.Define
2016-10-14 11:36:44,587 - Loaded System Directive: org.apache.velocity.runtime.directive.Define
2016-10-14 11:36:44,587 - Loaded System Directive: org.apache.velocity.runtime.directive.Define
2016-10-14 11:36:44,587 - Loaded System Directive: org.apache.velocity.runtime.directive.Define
2016-10-14 11:36:44,587 - Loaded System Directive: org.apache.velocity.runtime.directive.Break
2016-10-14 11:36:44,587 - Loaded System Directive: org.apache.velocity.runtime.directive.Break
2016-10-14 11:36:44,587 - Loaded System Directive: org.apache.velocity.runtime.directive.Break
2016-10-14 11:36:44,587 - Loaded System Directive: org.apache.velocity.runtime.directive.Break
2016-10-14 11:36:44,587 - Loaded System Directive: org.apache.velocity.runtime.directive.Evaluate
2016-10-14 11:36:44,587 - Loaded System Directive: org.apache.velocity.runtime.directive.Evaluate
2016-10-14 11:36:44,587 - Loaded System Directive: org.apache.velocity.runtime.directive.Evaluate
2016-10-14 11:36:44,587 - Loaded System Directive: org.apache.velocity.runtime.directive.Evaluate
2016-10-14 11:36:44,587 - Loaded System Directive: org.apache.velocity.runtime.directive.Literal
2016-10-14 11:36:44,587 - Loaded System Directive: org.apache.velocity.runtime.directive.Literal
2016-10-14 11:36:44,587 - Loaded System Directive: org.apache.velocity.runtime.directive.Literal
2016-10-14 11:36:44,587 - Loaded System Directive: org.apache.velocity.runtime.directive.Literal
2016-10-14 11:36:44,587 - Loaded System Directive: org.apache.velocity.runtime.directive.Macro
2016-10-14 11:36:44,587 - Loaded System Directive: org.apache.velocity.runtime.directive.Macro
2016-10-14 11:36:44,587 - Loaded System Directive: org.apache.velocity.runtime.directive.Macro
2016-10-14 11:36:44,587 - Loaded System Directive: org.apache.velocity.runtime.directive.Macro
2016-10-14 11:36:44,587 - Loaded System Directive: org.apache.velocity.runtime.directive.Parse
2016-10-14 11:36:44,587 - Loaded System Directive: org.apache.velocity.runtime.directive.Parse
2016-10-14 11:36:44,587 - Loaded System Directive: org.apache.velocity.runtime.directive.Parse
2016-10-14 11:36:44,587 - Loaded System Directive: org.apache.velocity.runtime.directive.Parse
2016-10-14 11:36:44,587 - Loaded System Directive: org.apache.velocity.runtime.directive.Include
2016-10-14 11:36:44,587 - Loaded System Directive: org.apache.velocity.runtime.directive.Include
2016-10-14 11:36:44,587 - Loaded System Directive: org.apache.velocity.runtime.directive.Include
2016-10-14 11:36:44,587 - Loaded System Directive: org.apache.velocity.runtime.directive.Foreach
2016-10-14 11:36:44,587 - Loaded System Directive: org.apache.velocity.runtime.directive.Foreach
2016-10-14 11:36:44,587 - Loaded System Directive: org.apache.velocity.runtime.directive.Foreach
2016-10-14 11:36:44,589 - Created '20' parsers.
2016-10-14 11:36:44,589 - Velocimacro : "velocimacro.library" is not set.  Trying default library: VM_global_library.vm
2016-10-14 11:36:44,589 - Could not load resource 'VM_global_library.vm' from ResourceLoader org.apache.velocity.runtime.resource.loader.ClasspathResourceLoader: ClasspathResourceLoader Error: cannot find resource VM_global_library.vm
2016-10-14 11:36:44,589 - Velocimacro : Default library not found.
2016-10-14 11:36:44,589 - Velocimacro : allowInline = true : VMs can be defined inline in templates
2016-10-14 11:36:44,589 - Velocimacro : allowInlineToOverride = false : VMs defined inline may NOT replace previous VM definitions
2016-10-14 11:36:44,589 - Velocimacro : allowInlineLocal = false : VMs defined inline will be global in scope if allowed.
2016-10-14 11:36:44,589 - Velocimacro : autoload off : VM system will not automatically reload global library macros
2016-10-14 11:36:44,592 - ResourceManager : found /velocity/index/index.vm with loader org.apache.velocity.runtime.resource.loader.ClasspathResourceLoader
